[debug] [2022-10-16T11:55:07.984Z] ----------------------------------------------------------------------
[debug] [2022-10-16T11:55:07.986Z] Command:       C:\Program Files\nodejs\node.exe C:\Users\Tanvir Ahmed\AppData\Roaming\npm\node_modules\firebase-tools\lib\bin\firebase.js init
[debug] [2022-10-16T11:55:07.987Z] CLI Version:   10.7.0
[debug] [2022-10-16T11:55:07.987Z] Platform:      win32
[debug] [2022-10-16T11:55:07.987Z] Node Version:  v16.16.0
[debug] [2022-10-16T11:55:07.992Z] Time:          Sun Oct 16 2022 17:55:07 GMT+0600 (বাংলাদেশ মানক সময়)
[debug] [2022-10-16T11:55:07.993Z] ----------------------------------------------------------------------
[debug] 
[debug] [2022-10-16T11:55:07.998Z] >>> [apiv2][query] GET https://firebase-public.firebaseio.com/cli.json [none]
[debug] [2022-10-16T11:55:08.034Z] > command requires scopes: ["email","openid","https://www.googleapis.com/auth/cloudplatformprojects.readonly","https://www.googleapis.com/auth/firebase","https://www.googleapis.com/auth/cloud-platform"]
[debug] [2022-10-16T11:55:08.034Z] > authorizing via signed-in user (thecreativegang503@gmail.com)
[info] 
     ######## #### ########  ######## ########     ###     ######  ########
     ##        ##  ##     ## ##       ##     ##  ##   ##  ##       ##
     ######    ##  ########  ######   ########  #########  ######  ######
     ##        ##  ##    ##  ##       ##     ## ##     ##       ## ##
     ##       #### ##     ## ######## ########  ##     ##  ######  ########

You're about to initialize a Firebase project in this directory:

  C:\Job Task\Super-Assistant-Task

Before we get started, keep in mind:

  * You are currently outside your home directory

[debug] [2022-10-16T11:55:08.767Z] <<< [apiv2][status] GET https://firebase-public.firebaseio.com/cli.json 200
[debug] [2022-10-16T11:55:08.767Z] <<< [apiv2][body] GET https://firebase-public.firebaseio.com/cli.json {"cloudBuildErrorAfter":1594252800000,"cloudBuildWarnAfter":1590019200000,"defaultNode10After":1594252800000,"minVersion":"3.0.5","node8DeploysDisabledAfter":1613390400000,"node8RuntimeDisabledAfter":1615809600000,"node8WarnAfter":1600128000000}
[info] 
=== Project Setup
[info] 
[info] First, let's associate this project directory with a Firebase project.
[info] You can create multiple project aliases by running firebase use --add, 
[info] but for now we'll just set up a default project.
[info] 
[debug] [2022-10-16T11:55:41.869Z] > refreshing access token with scopes: []
[debug] [2022-10-16T11:55:41.871Z] >>> HTTP REQUEST POST https://www.googleapis.com/oauth2/v3/token  
 <request body omitted>
[debug] [2022-10-16T11:55:42.166Z] <<< HTTP RESPONSE 200 {"expires":"Mon, 01 Jan 1990 00:00:00 GMT","cache-control":"no-cache, no-store, max-age=0, must-revalidate","date":"Sun, 16 Oct 2022 11:55:42 GMT","pragma":"no-cache","content-type":"application/json; charset=utf-8","vary":"X-Origin, Referer, Origin,Accept-Encoding","server":"scaffolding on HTTPServer2","x-xss-protection":"0","x-frame-options":"SAMEORIGIN","x-content-type-options":"nosniff","alt-svc":"h3=\":443\"; ma=2592000,h3-29=\":443\"; ma=2592000,h3-Q050=\":443\"; ma=2592000,h3-Q046=\":443\"; ma=2592000,h3-Q043=\":443\"; ma=2592000,quic=\":443\"; ma=2592000; v=\"46,43\"","accept-ranges":"none","transfer-encoding":"chunked"}
[debug] [2022-10-16T11:55:42.176Z] >>> [apiv2][query] GET https://firebase.googleapis.com/v1beta1/projects pageSize=100
[debug] [2022-10-16T11:55:42.931Z] <<< [apiv2][status] GET https://firebase.googleapis.com/v1beta1/projects 200
[debug] [2022-10-16T11:55:42.931Z] <<< [apiv2][body] GET https://firebase.googleapis.com/v1beta1/projects [omitted]
[debug] [2022-10-16T11:56:52.759Z] ----------------------------------------------------------------------
[debug] [2022-10-16T11:56:52.762Z] Command:       C:\Program Files\nodejs\node.exe C:\Users\Tanvir Ahmed\AppData\Roaming\npm\node_modules\firebase-tools\lib\bin\firebase.js init
[debug] [2022-10-16T11:56:52.764Z] CLI Version:   10.7.0
[debug] [2022-10-16T11:56:52.764Z] Platform:      win32
[debug] [2022-10-16T11:56:52.764Z] Node Version:  v16.16.0
[debug] [2022-10-16T11:56:52.766Z] Time:          Sun Oct 16 2022 17:56:52 GMT+0600 (বাংলাদেশ মানক সময়)
[debug] [2022-10-16T11:56:52.767Z] ----------------------------------------------------------------------
[debug] 
[debug] [2022-10-16T11:56:52.778Z] > command requires scopes: ["email","openid","https://www.googleapis.com/auth/cloudplatformprojects.readonly","https://www.googleapis.com/auth/firebase","https://www.googleapis.com/auth/cloud-platform"]
[debug] [2022-10-16T11:56:52.779Z] > authorizing via signed-in user (thecreativegang503@gmail.com)
[info] 
     ######## #### ########  ######## ########     ###     ######  ########
     ##        ##  ##     ## ##       ##     ##  ##   ##  ##       ##
     ######    ##  ########  ######   ########  #########  ######  ######
     ##        ##  ##    ##  ##       ##     ## ##     ##       ## ##
     ##       #### ##     ## ######## ########  ##     ##  ######  ########

You're about to initialize a Firebase project in this directory:

  C:\Job Task\Super-Assistant-Task

Before we get started, keep in mind:

  * You are currently outside your home directory

[info] 
=== Project Setup
[info] 
[info] First, let's associate this project directory with a Firebase project.
[info] You can create multiple project aliases by running firebase use --add, 
[info] but for now we'll just set up a default project.
[info] 
[info] i  If you want to create a project in a Google Cloud organization or folder, please use "firebase projects:create" instead, and return to this command when you've created the project. 
[debug] [2022-10-16T11:57:34.801Z] ----------------------------------------------------------------------
[debug] [2022-10-16T11:57:34.803Z] Command:       C:\Program Files\nodejs\node.exe C:\Users\Tanvir Ahmed\AppData\Roaming\npm\node_modules\firebase-tools\lib\bin\firebase.js init
[debug] [2022-10-16T11:57:34.804Z] CLI Version:   10.7.0
[debug] [2022-10-16T11:57:34.804Z] Platform:      win32
[debug] [2022-10-16T11:57:34.804Z] Node Version:  v16.16.0
[debug] [2022-10-16T11:57:34.806Z] Time:          Sun Oct 16 2022 17:57:34 GMT+0600 (বাংলাদেশ মানক সময়)
[debug] [2022-10-16T11:57:34.807Z] ----------------------------------------------------------------------
[debug] 
[debug] [2022-10-16T11:57:34.820Z] > command requires scopes: ["email","openid","https://www.googleapis.com/auth/cloudplatformprojects.readonly","https://www.googleapis.com/auth/firebase","https://www.googleapis.com/auth/cloud-platform"]
[debug] [2022-10-16T11:57:34.820Z] > authorizing via signed-in user (thecreativegang503@gmail.com)
[info] 
     ######## #### ########  ######## ########     ###     ######  ########
     ##        ##  ##     ## ##       ##     ##  ##   ##  ##       ##
     ######    ##  ########  ######   ########  #########  ######  ######
     ##        ##  ##    ##  ##       ##     ## ##     ##       ## ##
     ##       #### ##     ## ######## ########  ##     ##  ######  ########

You're about to initialize a Firebase project in this directory:

  C:\Job Task\Super-Assistant-Task

Before we get started, keep in mind:

  * You are currently outside your home directory

[info] 
=== Project Setup
[info] 
[info] First, let's associate this project directory with a Firebase project.
[info] You can create multiple project aliases by running firebase use --add, 
[info] but for now we'll just set up a default project.
[info] 
[debug] [2022-10-16T12:00:11.071Z] >>> [apiv2][query] GET https://firebase.googleapis.com/v1beta1/projects pageSize=100
[debug] [2022-10-16T12:00:11.796Z] <<< [apiv2][status] GET https://firebase.googleapis.com/v1beta1/projects 200
[debug] [2022-10-16T12:00:11.796Z] <<< [apiv2][body] GET https://firebase.googleapis.com/v1beta1/projects [omitted]
[info] i  Using project test-a2cc1 (test) 
[info] 
=== Hosting Setup
[info] 
[info] Your public directory is the folder (relative to your project directory) that
[info] will contain Hosting assets to be uploaded with firebase deploy. If you
[info] have a build process for your assets, use your build's output directory.
[info] 
